<?xml version="1.0" encoding="UTF-8"?>
<!-- Generated by org.testng.reporters.JUnitXMLReporter -->
<testsuite ignored="0" hostname="DESKTOP-VTOKQ5D" failures="0" tests="8" name="Test" time="7.983" errors="0" timestamp="2023-03-22T19:03:17 EDT">
  <testcase classname="rediff_soft_hard_assertions.Soft_assert" name="@BeforeMethod launch" time="4.603">
    <failure type="org.openqa.selenium.remote.http.ConnectionFailedException" message="Unable to establish websocket connection to http://localhost:53870/devtools/browser/3b7b92b9-db02-401d-a70a-26a00c134426
Build info: version: &amp;apos;4.7.2&amp;apos;, revision: &amp;apos;4d4020c3b7&amp;apos;
System info: os.name: &amp;apos;Windows 10&amp;apos;, os.arch: &amp;apos;amd64&amp;apos;, os.version: &amp;apos;10.0&amp;apos;, java.version: &amp;apos;17.0.5&amp;apos;
Driver info: driver.version: ChromeDriver">
      <![CDATA[org.openqa.selenium.remote.http.ConnectionFailedException: Unable to establish websocket connection to http://localhost:53870/devtools/browser/3b7b92b9-db02-401d-a70a-26a00c134426
Build info: version: '4.7.2', revision: '4d4020c3b7'
System info: os.name: 'Windows 10', os.arch: 'amd64', os.version: '10.0', java.version: '17.0.5'
Driver info: driver.version: ChromeDriver
at org.openqa.selenium.remote.http.netty.NettyWebSocket.<init>(NettyWebSocket.java:102)
at org.openqa.selenium.remote.http.netty.NettyWebSocket.lambda$create$3(NettyWebSocket.java:128)
at org.openqa.selenium.remote.http.netty.NettyClient.openSocket(NettyClient.java:107)
at org.openqa.selenium.devtools.Connection.<init>(Connection.java:78)
at org.openqa.selenium.chromium.ChromiumDriver.lambda$new$2(ChromiumDriver.java:116)
at java.base/java.util.Optional.map(Optional.java:260)
at org.openqa.selenium.chromium.ChromiumDriver.<init>(ChromiumDriver.java:114)
at org.openqa.selenium.chrome.ChromeDriver.<init>(ChromeDriver.java:82)
at org.openqa.selenium.chrome.ChromeDriver.<init>(ChromeDriver.java:50)
at rediff_soft_hard_assertions.Soft_assert.launch(Soft_assert.java:19)
at java.base/java.util.ArrayList.forEach(ArrayList.java:1511)
... Removed 31 stack frames]]>
    </failure>
  </testcase> <!-- @BeforeMethod launch -->
  <testcase classname="rediff_soft_hard_assertions.Soft_assert" name="@AfterMethod teardown" time="-1.679526194494E9">
    <skipped/>
  </testcase> <!-- @AfterMethod teardown -->
  <testcase classname="rediff_soft_hard_assertions.Soft_assert" name="@BeforeMethod launch" time="-1.679526194497E9">
    <skipped/>
  </testcase> <!-- @BeforeMethod launch -->
  <testcase classname="rediff_soft_hard_assertions.Soft_assert" name="@AfterMethod teardown" time="-1.679526194554E9">
    <skipped/>
  </testcase> <!-- @AfterMethod teardown -->
  <testcase classname="rediff_soft_hard_assertions.Soft_assert" name="@BeforeMethod launch" time="-1.67952619456E9">
    <skipped/>
  </testcase> <!-- @BeforeMethod launch -->
  <testcase classname="rediff_soft_hard_assertions.Soft_assert" name="@AfterMethod teardown" time="-1.679526194572E9">
    <skipped/>
  </testcase> <!-- @AfterMethod teardown -->
  <testcase classname="rediff_soft_hard_assertions.Soft_assert" name="@BeforeMethod launch" time="-1.679526194576E9">
    <skipped/>
  </testcase> <!-- @BeforeMethod launch -->
  <testcase classname="rediff_soft_hard_assertions.Soft_assert" name="@AfterMethod teardown" time="-1.679526194586E9">
    <skipped/>
  </testcase> <!-- @AfterMethod teardown -->
  <testcase classname="rediff_soft_hard_assertions.Hard_assert" name="@BeforeMethod launch" time="3.136">
    <failure type="org.openqa.selenium.remote.http.ConnectionFailedException" message="Unable to establish websocket connection to http://localhost:53891/devtools/browser/68997590-e768-47ee-8dd8-310f7e92714a
Build info: version: &amp;apos;4.7.2&amp;apos;, revision: &amp;apos;4d4020c3b7&amp;apos;
System info: os.name: &amp;apos;Windows 10&amp;apos;, os.arch: &amp;apos;amd64&amp;apos;, os.version: &amp;apos;10.0&amp;apos;, java.version: &amp;apos;17.0.5&amp;apos;
Driver info: driver.version: ChromeDriver">
      <![CDATA[org.openqa.selenium.remote.http.ConnectionFailedException: Unable to establish websocket connection to http://localhost:53891/devtools/browser/68997590-e768-47ee-8dd8-310f7e92714a
Build info: version: '4.7.2', revision: '4d4020c3b7'
System info: os.name: 'Windows 10', os.arch: 'amd64', os.version: '10.0', java.version: '17.0.5'
Driver info: driver.version: ChromeDriver
at org.openqa.selenium.remote.http.netty.NettyWebSocket.<init>(NettyWebSocket.java:102)
at org.openqa.selenium.remote.http.netty.NettyWebSocket.lambda$create$3(NettyWebSocket.java:128)
at org.openqa.selenium.remote.http.netty.NettyClient.openSocket(NettyClient.java:107)
at org.openqa.selenium.devtools.Connection.<init>(Connection.java:78)
at org.openqa.selenium.chromium.ChromiumDriver.lambda$new$2(ChromiumDriver.java:116)
at java.base/java.util.Optional.map(Optional.java:260)
at org.openqa.selenium.chromium.ChromiumDriver.<init>(ChromiumDriver.java:114)
at org.openqa.selenium.chrome.ChromeDriver.<init>(ChromeDriver.java:82)
at org.openqa.selenium.chrome.ChromeDriver.<init>(ChromeDriver.java:50)
at rediff_soft_hard_assertions.Hard_assert.launch(Hard_assert.java:22)
at java.base/java.util.ArrayList.forEach(ArrayList.java:1511)
... Removed 31 stack frames]]>
    </failure>
  </testcase> <!-- @BeforeMethod launch -->
  <testcase classname="rediff_soft_hard_assertions.Hard_assert" name="@AfterMethod teardown" time="-1.679526197743E9">
    <skipped/>
  </testcase> <!-- @AfterMethod teardown -->
  <testcase classname="rediff_soft_hard_assertions.Hard_assert" name="@BeforeMethod launch" time="-1.679526197745E9">
    <skipped/>
  </testcase> <!-- @BeforeMethod launch -->
  <testcase classname="rediff_soft_hard_assertions.Hard_assert" name="@AfterMethod teardown" time="-1.67952619775E9">
    <skipped/>
  </testcase> <!-- @AfterMethod teardown -->
  <testcase classname="rediff_soft_hard_assertions.Hard_assert" name="@BeforeMethod launch" time="-1.679526197756E9">
    <skipped/>
  </testcase> <!-- @BeforeMethod launch -->
  <testcase classname="rediff_soft_hard_assertions.Hard_assert" name="@AfterMethod teardown" time="-1.679526197774E9">
    <skipped/>
  </testcase> <!-- @AfterMethod teardown -->
  <testcase classname="rediff_soft_hard_assertions.Hard_assert" name="@BeforeMethod launch" time="-1.679526197779E9">
    <skipped/>
  </testcase> <!-- @BeforeMethod launch -->
  <testcase classname="rediff_soft_hard_assertions.Hard_assert" name="@AfterMethod teardown" time="-1.679526197784E9">
    <skipped/>
  </testcase> <!-- @AfterMethod teardown -->
  <testcase classname="rediff_soft_hard_assertions.Soft_assert" name="clickOnLoginTest" time="0.0">
    <skipped/>
  </testcase> <!-- clickOnLoginTest -->
  <testcase classname="rediff_soft_hard_assertions.Soft_assert" name="enterCredentialsTest" time="0.0">
    <skipped/>
  </testcase> <!-- enterCredentialsTest -->
  <testcase classname="rediff_soft_hard_assertions.Soft_assert" name="logOutTest" time="0.0">
    <skipped/>
  </testcase> <!-- logOutTest -->
  <testcase classname="rediff_soft_hard_assertions.Soft_assert" name="validateLogOutPageTest" time="0.0">
    <skipped/>
  </testcase> <!-- validateLogOutPageTest -->
  <testcase classname="rediff_soft_hard_assertions.Hard_assert" name="clickOnLoginTest" time="0.0">
    <skipped/>
  </testcase> <!-- clickOnLoginTest -->
  <testcase classname="rediff_soft_hard_assertions.Hard_assert" name="enterCredentialsTest" time="0.0">
    <skipped/>
  </testcase> <!-- enterCredentialsTest -->
  <testcase classname="rediff_soft_hard_assertions.Hard_assert" name="logOutTest" time="0.0">
    <skipped/>
  </testcase> <!-- logOutTest -->
  <testcase classname="rediff_soft_hard_assertions.Hard_assert" name="validateLogOutPageTest" time="0.0">
    <skipped/>
  </testcase> <!-- validateLogOutPageTest -->
</testsuite> <!-- Test -->
